<?xml version="1.0" encoding="UTF-8"?>
<coverage generated="1598817802657" clover="3.2.0">
  <project timestamp="1598817802657" name="All files">
    <metrics statements="149" coveredstatements="122" conditionals="59" coveredconditionals="30" methods="59" coveredmethods="43" elements="267" coveredelements="195" complexity="0" loc="149" ncloc="149" packages="7" files="7" classes="7"/>
    <package name="Auth">
      <metrics statements="26" coveredstatements="21" conditionals="14" coveredconditionals="8" methods="9" coveredmethods="6"/>
      <file name="AuthScreen.tsx" path="/Users/mostafa-taghipour/Desktop/popcorn/screens/Auth/AuthScreen.tsx">
        <metrics statements="26" coveredstatements="21" conditionals="14" coveredconditionals="8" methods="9" coveredmethods="6"/>
        <line num="32" count="4" type="stmt"/>
        <line num="33" count="4" type="stmt"/>
        <line num="34" count="4" type="stmt"/>
        <line num="35" count="6" type="stmt"/>
        <line num="36" count="4" type="stmt"/>
        <line num="37" count="4" type="stmt"/>
        <line num="38" count="4" type="stmt"/>
        <line num="39" count="4" type="stmt"/>
        <line num="40" count="4" type="stmt"/>
        <line num="41" count="4" type="stmt"/>
        <line num="44" count="4" type="stmt"/>
        <line num="45" count="2" type="stmt"/>
        <line num="47" count="2" type="stmt"/>
        <line num="52" count="4" type="stmt"/>
        <line num="53" count="2" type="cond" truecount="1" falsecount="1"/>
        <line num="56" count="4" type="stmt"/>
        <line num="57" count="4" type="cond" truecount="2" falsecount="0"/>
        <line num="60" count="4" type="stmt"/>
        <line num="61" count="0" type="stmt"/>
        <line num="67" count="4" type="stmt"/>
        <line num="68" count="0" type="cond" truecount="0" falsecount="2"/>
        <line num="70" count="0" type="stmt"/>
        <line num="76" count="0" type="stmt"/>
        <line num="79" count="4" type="stmt"/>
        <line num="118" count="0" type="stmt"/>
        <line num="146" count="1" type="stmt"/>
      </file>
    </package>
    <package name="Categories">
      <metrics statements="21" coveredstatements="16" conditionals="10" coveredconditionals="4" methods="11" coveredmethods="8"/>
      <file name="CategoriesScreen.tsx" path="/Users/mostafa-taghipour/Desktop/popcorn/screens/Categories/CategoriesScreen.tsx">
        <metrics statements="21" coveredstatements="16" conditionals="10" coveredconditionals="4" methods="11" coveredmethods="8"/>
        <line num="33" count="7" type="stmt"/>
        <line num="34" count="2" type="stmt"/>
        <line num="35" count="2" type="stmt"/>
        <line num="36" count="2" type="stmt"/>
        <line num="37" count="2" type="stmt"/>
        <line num="44" count="2" type="stmt"/>
        <line num="46" count="2" type="stmt"/>
        <line num="47" count="2" type="cond" truecount="1" falsecount="1"/>
        <line num="49" count="0" type="stmt"/>
        <line num="63" count="0" type="cond" truecount="0" falsecount="2"/>
        <line num="65" count="0" type="stmt"/>
        <line num="74" count="6" type="stmt"/>
        <line num="75" count="0" type="stmt"/>
        <line num="79" count="2" type="stmt"/>
        <line num="87" count="6" type="stmt"/>
        <line num="88" count="4" type="stmt"/>
        <line num="89" count="6" type="stmt"/>
        <line num="102" count="1" type="stmt"/>
        <line num="110" count="6" type="stmt"/>
        <line num="111" count="0" type="stmt"/>
        <line num="121" count="1" type="stmt"/>
      </file>
    </package>
    <package name="Category">
      <metrics statements="12" coveredstatements="11" conditionals="4" coveredconditionals="2" methods="4" coveredmethods="4"/>
      <file name="CategoryScreen.tsx" path="/Users/mostafa-taghipour/Desktop/popcorn/screens/Category/CategoryScreen.tsx">
        <metrics statements="12" coveredstatements="11" conditionals="4" coveredconditionals="2" methods="4" coveredmethods="4"/>
        <line num="27" count="7" type="stmt"/>
        <line num="28" count="2" type="stmt"/>
        <line num="29" count="2" type="stmt"/>
        <line num="30" count="2" type="stmt"/>
        <line num="33" count="2" type="stmt"/>
        <line num="37" count="2" type="stmt"/>
        <line num="38" count="2" type="stmt"/>
        <line num="48" count="2" type="stmt"/>
        <line num="49" count="2" type="cond" truecount="1" falsecount="1"/>
        <line num="50" count="2" type="stmt"/>
        <line num="54" count="0" type="stmt"/>
        <line num="62" count="2" type="stmt"/>
      </file>
    </package>
    <package name="Home">
      <metrics statements="29" coveredstatements="27" conditionals="6" coveredconditionals="5" methods="12" coveredmethods="10"/>
      <file name="HomeScreen.tsx" path="/Users/mostafa-taghipour/Desktop/popcorn/screens/Home/HomeScreen.tsx">
        <metrics statements="29" coveredstatements="27" conditionals="6" coveredconditionals="5" methods="12" coveredmethods="10"/>
        <line num="35" count="4" type="stmt"/>
        <line num="36" count="4" type="stmt"/>
        <line num="37" count="4" type="stmt"/>
        <line num="38" count="4" type="stmt"/>
        <line num="39" count="4" type="stmt"/>
        <line num="40" count="4" type="stmt"/>
        <line num="41" count="4" type="stmt"/>
        <line num="48" count="4" type="stmt"/>
        <line num="53" count="4" type="stmt"/>
        <line num="54" count="2" type="stmt"/>
        <line num="55" count="2" type="stmt"/>
        <line num="56" count="2" type="stmt"/>
        <line num="62" count="4" type="stmt"/>
        <line num="70" count="4" type="stmt"/>
        <line num="71" count="0" type="stmt"/>
        <line num="78" count="4" type="stmt"/>
        <line num="79" count="0" type="stmt"/>
        <line num="82" count="4" type="stmt"/>
        <line num="123" count="12" type="stmt"/>
        <line num="125" count="6" type="stmt"/>
        <line num="134" count="14" type="stmt"/>
        <line num="136" count="8" type="stmt"/>
        <line num="144" count="14" type="stmt"/>
        <line num="146" count="8" type="stmt"/>
        <line num="158" count="1" type="stmt"/>
        <line num="159" count="16" type="stmt"/>
        <line num="173" count="1" type="stmt"/>
        <line num="174" count="6" type="stmt"/>
        <line num="186" count="1" type="stmt"/>
      </file>
    </package>
    <package name="Intro">
      <metrics statements="20" coveredstatements="14" conditionals="9" coveredconditionals="4" methods="7" coveredmethods="4"/>
      <file name="IntroScreen.tsx" path="/Users/mostafa-taghipour/Desktop/popcorn/screens/Intro/IntroScreen.tsx">
        <metrics statements="20" coveredstatements="14" conditionals="9" coveredconditionals="4" methods="7" coveredmethods="4"/>
        <line num="15" count="1" type="stmt"/>
        <line num="25" count="1" type="stmt"/>
        <line num="26" count="1" type="stmt"/>
        <line num="27" count="1" type="stmt"/>
        <line num="28" count="1" type="stmt"/>
        <line num="33" count="1" type="stmt"/>
        <line num="34" count="0" type="stmt"/>
        <line num="35" count="0" type="cond" truecount="0" falsecount="5"/>
        <line num="36" count="0" type="stmt"/>
        <line num="37" count="0" type="stmt"/>
        <line num="45" count="1" type="stmt"/>
        <line num="46" count="0" type="stmt"/>
        <line num="49" count="1" type="stmt"/>
        <line num="55" count="0" type="stmt"/>
        <line num="108" count="1" type="stmt"/>
        <line num="110" count="1" type="stmt"/>
        <line num="111" count="3" type="stmt"/>
        <line num="112" count="1" type="stmt"/>
        <line num="115" count="3" type="stmt"/>
        <line num="132" count="1" type="stmt"/>
      </file>
    </package>
    <package name="Search">
      <metrics statements="30" coveredstatements="25" conditionals="12" coveredconditionals="5" methods="12" coveredmethods="10"/>
      <file name="SearchScreen.tsx" path="/Users/mostafa-taghipour/Desktop/popcorn/screens/Search/SearchScreen.tsx">
        <metrics statements="30" coveredstatements="25" conditionals="12" coveredconditionals="5" methods="12" coveredmethods="10"/>
        <line num="40" count="2" type="stmt"/>
        <line num="41" count="2" type="stmt"/>
        <line num="42" count="2" type="stmt"/>
        <line num="43" count="2" type="stmt"/>
        <line num="44" count="2" type="stmt"/>
        <line num="45" count="6" type="stmt"/>
        <line num="46" count="2" type="stmt"/>
        <line num="47" count="2" type="stmt"/>
        <line num="50" count="2" type="stmt"/>
        <line num="51" count="2" type="stmt"/>
        <line num="52" count="2" type="stmt"/>
        <line num="56" count="2" type="stmt"/>
        <line num="58" count="2" type="cond" truecount="1" falsecount="1"/>
        <line num="59" count="0" type="stmt"/>
        <line num="61" count="2" type="stmt"/>
        <line num="69" count="2" type="stmt"/>
        <line num="70" count="2" type="stmt"/>
        <line num="73" count="2" type="cond" truecount="1" falsecount="1"/>
        <line num="78" count="2" type="stmt"/>
        <line num="83" count="0" type="stmt"/>
        <line num="95" count="2" type="stmt"/>
        <line num="97" count="2" type="stmt"/>
        <line num="108" count="2" type="stmt"/>
        <line num="109" count="0" type="cond" truecount="0" falsecount="2"/>
        <line num="110" count="0" type="stmt"/>
        <line num="112" count="0" type="stmt"/>
        <line num="124" count="2" type="stmt"/>
        <line num="125" count="4" type="stmt"/>
        <line num="128" count="2" type="stmt"/>
        <line num="147" count="1" type="stmt"/>
      </file>
    </package>
    <package name="Settings">
      <metrics statements="11" coveredstatements="8" conditionals="4" coveredconditionals="2" methods="4" coveredmethods="1"/>
      <file name="SettingsScreen.tsx" path="/Users/mostafa-taghipour/Desktop/popcorn/screens/Settings/SettingsScreen.tsx">
        <metrics statements="11" coveredstatements="8" conditionals="4" coveredconditionals="2" methods="4" coveredmethods="1"/>
        <line num="21" count="2" type="stmt"/>
        <line num="22" count="2" type="stmt"/>
        <line num="23" count="2" type="stmt"/>
        <line num="24" count="2" type="stmt"/>
        <line num="30" count="2" type="stmt"/>
        <line num="31" count="0" type="cond" truecount="0" falsecount="2"/>
        <line num="38" count="2" type="stmt"/>
        <line num="39" count="0" type="stmt"/>
        <line num="44" count="0" type="stmt"/>
        <line num="48" count="2" type="stmt"/>
        <line num="71" count="1" type="stmt"/>
      </file>
    </package>
  </project>
</coverage>
