{"/Users/mostafa-taghipour/Desktop/popcorn/screens/Auth/AuthScreen.tsx": {"path":"/Users/mostafa-taghipour/Desktop/popcorn/screens/Auth/AuthScreen.tsx","statementMap":{"0":{"start":{"line":32,"column":16},"end":{"line":32,"column":47}},"1":{"start":{"line":33,"column":28},"end":{"line":33,"column":52}},"2":{"start":{"line":34,"column":26},"end":{"line":34,"column":57}},"3":{"start":{"line":35,"column":16},"end":{"line":35,"column":70}},"4":{"start":{"line":35,"column":44},"end":{"line":35,"column":69}},"5":{"start":{"line":36,"column":19},"end":{"line":36,"column":32}},"6":{"start":{"line":37,"column":21},"end":{"line":37,"column":36}},"7":{"start":{"line":38,"column":22},"end":{"line":38,"column":34}},"8":{"start":{"line":39,"column":34},"end":{"line":39,"column":46}},"9":{"start":{"line":40,"column":34},"end":{"line":40,"column":46}},"10":{"start":{"line":41,"column":42},"end":{"line":41,"column":57}},"11":{"start":{"line":44,"column":2},"end":{"line":49,"column":9}},"12":{"start":{"line":45,"column":4},"end":{"line":48,"column":7}},"13":{"start":{"line":47,"column":6},"end":{"line":47,"column":35}},"14":{"start":{"line":52,"column":2},"end":{"line":54,"column":19}},"15":{"start":{"line":53,"column":4},"end":{"line":53,"column":28}},"16":{"start":{"line":53,"column":20},"end":{"line":53,"column":28}},"17":{"start":{"line":56,"column":33},"end":{"line":58,"column":26}},"18":{"start":{"line":57,"column":4},"end":{"line":57,"column":34}},"19":{"start":{"line":60,"column":16},"end":{"line":62,"column":3}},"20":{"start":{"line":61,"column":4},"end":{"line":61,"column":24}},"21":{"start":{"line":67,"column":16},"end":{"line":77,"column":3}},"22":{"start":{"line":68,"column":4},"end":{"line":75,"column":8}},"23":{"start":{"line":68,"column":21},"end":{"line":68,"column":67}},"24":{"start":{"line":70,"column":6},"end":{"line":75,"column":8}},"25":{"start":{"line":76,"column":4},"end":{"line":76,"column":23}},"26":{"start":{"line":79,"column":2},"end":{"line":143,"column":4}},"27":{"start":{"line":118,"column":25},"end":{"line":118,"column":55}},"28":{"start":{"line":146,"column":15},"end":{"line":181,"column":2}}},"fnMap":{"0":{"name":"AuthScreen","decl":{"start":{"line":31,"column":24},"end":{"line":31,"column":34}},"loc":{"start":{"line":31,"column":37},"end":{"line":144,"column":1}},"line":31},"1":{"name":"(anonymous_1)","decl":{"start":{"line":35,"column":33},"end":{"line":35,"column":34}},"loc":{"start":{"line":35,"column":44},"end":{"line":35,"column":69}},"line":35},"2":{"name":"(anonymous_2)","decl":{"start":{"line":44,"column":12},"end":{"line":44,"column":13}},"loc":{"start":{"line":44,"column":18},"end":{"line":49,"column":3}},"line":44},"3":{"name":"(anonymous_3)","decl":{"start":{"line":45,"column":15},"end":{"line":45,"column":16}},"loc":{"start":{"line":45,"column":21},"end":{"line":48,"column":5}},"line":45},"4":{"name":"(anonymous_4)","decl":{"start":{"line":52,"column":12},"end":{"line":52,"column":13}},"loc":{"start":{"line":52,"column":18},"end":{"line":54,"column":3}},"line":52},"5":{"name":"(anonymous_5)","decl":{"start":{"line":56,"column":47},"end":{"line":56,"column":48}},"loc":{"start":{"line":56,"column":53},"end":{"line":58,"column":3}},"line":56},"6":{"name":"(anonymous_6)","decl":{"start":{"line":60,"column":16},"end":{"line":60,"column":17}},"loc":{"start":{"line":60,"column":22},"end":{"line":62,"column":3}},"line":60},"7":{"name":"(anonymous_7)","decl":{"start":{"line":67,"column":16},"end":{"line":67,"column":17}},"loc":{"start":{"line":67,"column":22},"end":{"line":77,"column":3}},"line":67},"8":{"name":"(anonymous_8)","decl":{"start":{"line":118,"column":19},"end":{"line":118,"column":20}},"loc":{"start":{"line":118,"column":25},"end":{"line":118,"column":55}},"line":118}},"branchMap":{"0":{"loc":{"start":{"line":53,"column":4},"end":{"line":53,"column":28}},"type":"if","locations":[{"start":{"line":53,"column":4},"end":{"line":53,"column":28}},{"start":{"line":53,"column":4},"end":{"line":53,"column":28}}],"line":53},"1":{"loc":{"start":{"line":57,"column":11},"end":{"line":57,"column":33}},"type":"binary-expr","locations":[{"start":{"line":57,"column":11},"end":{"line":57,"column":20}},{"start":{"line":57,"column":24},"end":{"line":57,"column":33}}],"line":57},"2":{"loc":{"start":{"line":68,"column":4},"end":{"line":75,"column":8}},"type":"if","locations":[{"start":{"line":68,"column":4},"end":{"line":75,"column":8}},{"start":{"line":68,"column":4},"end":{"line":75,"column":8}}],"line":68},"3":{"loc":{"start":{"line":91,"column":17},"end":{"line":91,"column":43}},"type":"cond-expr","locations":[{"start":{"line":91,"column":26},"end":{"line":91,"column":33}},{"start":{"line":91,"column":36},"end":{"line":91,"column":43}}],"line":91},"4":{"loc":{"start":{"line":115,"column":16},"end":{"line":115,"column":48}},"type":"cond-expr","locations":[{"start":{"line":115,"column":31},"end":{"line":115,"column":36}},{"start":{"line":115,"column":39},"end":{"line":115,"column":48}}],"line":115},"5":{"loc":{"start":{"line":123,"column":18},"end":{"line":123,"column":51}},"type":"binary-expr","locations":[{"start":{"line":123,"column":18},"end":{"line":123,"column":31}},{"start":{"line":123,"column":35},"end":{"line":123,"column":51}}],"line":123},"6":{"loc":{"start":{"line":134,"column":9},"end":{"line":140,"column":9}},"type":"binary-expr","locations":[{"start":{"line":134,"column":9},"end":{"line":134,"column":25}},{"start":{"line":135,"column":10},"end":{"line":139,"column":12}}],"line":134}},"s":{"0":4,"1":4,"2":4,"3":4,"4":6,"5":4,"6":4,"7":4,"8":4,"9":4,"10":4,"11":4,"12":2,"13":2,"14":4,"15":2,"16":0,"17":4,"18":4,"19":4,"20":0,"21":4,"22":0,"23":0,"24":0,"25":0,"26":4,"27":0,"28":1},"f":{"0":4,"1":6,"2":2,"3":2,"4":2,"5":4,"6":0,"7":0,"8":0},"b":{"0":[0,2],"1":[4,2],"2":[0,0],"3":[0,4],"4":[0,4],"5":[4,1],"6":[4,0]},"_coverageSchema":"43e27e138ebf9cfc5966b082cf9a028302ed4184","hash":"3ec60e1bbcbd892170a68b3bb4525daee1308998"}
,"/Users/mostafa-taghipour/Desktop/popcorn/screens/Categories/CategoriesScreen.tsx": {"path":"/Users/mostafa-taghipour/Desktop/popcorn/screens/Categories/CategoriesScreen.tsx","statementMap":{"0":{"start":{"line":33,"column":15},"end":{"line":33,"column":66}},"1":{"start":{"line":33,"column":43},"end":{"line":33,"column":65}},"2":{"start":{"line":34,"column":26},"end":{"line":34,"column":57}},"3":{"start":{"line":35,"column":16},"end":{"line":35,"column":47}},"4":{"start":{"line":36,"column":19},"end":{"line":36,"column":32}},"5":{"start":{"line":37,"column":20},"end":{"line":37,"column":38}},"6":{"start":{"line":44,"column":2},"end":{"line":44,"column":28}},"7":{"start":{"line":46,"column":2},"end":{"line":55,"column":9}},"8":{"start":{"line":47,"column":4},"end":{"line":54,"column":8}},"9":{"start":{"line":47,"column":21},"end":{"line":47,"column":60}},"10":{"start":{"line":49,"column":6},"end":{"line":54,"column":8}},"11":{"start":{"line":63,"column":4},"end":{"line":70,"column":8}},"12":{"start":{"line":63,"column":21},"end":{"line":63,"column":75}},"13":{"start":{"line":65,"column":6},"end":{"line":70,"column":8}},"14":{"start":{"line":74,"column":4},"end":{"line":76,"column":6}},"15":{"start":{"line":75,"column":55},"end":{"line":75,"column":75}},"16":{"start":{"line":79,"column":2},"end":{"line":95,"column":4}},"17":{"start":{"line":87,"column":36},"end":{"line":87,"column":52}},"18":{"start":{"line":88,"column":40},"end":{"line":88,"column":51}},"19":{"start":{"line":89,"column":34},"end":{"line":89,"column":52}},"20":{"start":{"line":102,"column":21},"end":{"line":119,"column":1}},"21":{"start":{"line":110,"column":4},"end":{"line":117,"column":6}},"22":{"start":{"line":111,"column":38},"end":{"line":111,"column":55}},"23":{"start":{"line":121,"column":15},"end":{"line":136,"column":2}}},"fnMap":{"0":{"name":"CategoriesScreen","decl":{"start":{"line":30,"column":24},"end":{"line":30,"column":40}},"loc":{"start":{"line":32,"column":42},"end":{"line":96,"column":1}},"line":32},"1":{"name":"(anonymous_1)","decl":{"start":{"line":33,"column":32},"end":{"line":33,"column":33}},"loc":{"start":{"line":33,"column":43},"end":{"line":33,"column":65}},"line":33},"2":{"name":"(anonymous_2)","decl":{"start":{"line":46,"column":12},"end":{"line":46,"column":13}},"loc":{"start":{"line":46,"column":18},"end":{"line":55,"column":3}},"line":46},"3":{"name":"categoryMovies","decl":{"start":{"line":62,"column":11},"end":{"line":62,"column":25}},"loc":{"start":{"line":62,"column":42},"end":{"line":71,"column":3}},"line":62},"4":{"name":"renderItem","decl":{"start":{"line":73,"column":11},"end":{"line":73,"column":21}},"loc":{"start":{"line":73,"column":38},"end":{"line":77,"column":3}},"line":73},"5":{"name":"(anonymous_5)","decl":{"start":{"line":75,"column":45},"end":{"line":75,"column":46}},"loc":{"start":{"line":75,"column":55},"end":{"line":75,"column":75}},"line":75},"6":{"name":"(anonymous_6)","decl":{"start":{"line":87,"column":22},"end":{"line":87,"column":23}},"loc":{"start":{"line":87,"column":36},"end":{"line":87,"column":52}},"line":87},"7":{"name":"(anonymous_7)","decl":{"start":{"line":88,"column":34},"end":{"line":88,"column":35}},"loc":{"start":{"line":88,"column":40},"end":{"line":88,"column":51}},"line":88},"8":{"name":"(anonymous_8)","decl":{"start":{"line":89,"column":24},"end":{"line":89,"column":25}},"loc":{"start":{"line":89,"column":34},"end":{"line":89,"column":52}},"line":89},"9":{"name":"(anonymous_9)","decl":{"start":{"line":103,"column":2},"end":{"line":103,"column":3}},"loc":{"start":{"line":109,"column":8},"end":{"line":118,"column":3}},"line":109},"10":{"name":"(anonymous_10)","decl":{"start":{"line":111,"column":32},"end":{"line":111,"column":33}},"loc":{"start":{"line":111,"column":38},"end":{"line":111,"column":55}},"line":111}},"branchMap":{"0":{"loc":{"start":{"line":47,"column":4},"end":{"line":54,"column":8}},"type":"if","locations":[{"start":{"line":47,"column":4},"end":{"line":54,"column":8}},{"start":{"line":47,"column":4},"end":{"line":54,"column":8}}],"line":47},"1":{"loc":{"start":{"line":63,"column":4},"end":{"line":70,"column":8}},"type":"if","locations":[{"start":{"line":63,"column":4},"end":{"line":70,"column":8}},{"start":{"line":63,"column":4},"end":{"line":70,"column":8}}],"line":63},"2":{"loc":{"start":{"line":81,"column":7},"end":{"line":93,"column":14}},"type":"cond-expr","locations":[{"start":{"line":82,"column":8},"end":{"line":90,"column":10}},{"start":{"line":91,"column":10},"end":{"line":93,"column":14}}],"line":81},"3":{"loc":{"start":{"line":81,"column":7},"end":{"line":81,"column":40}},"type":"binary-expr","locations":[{"start":{"line":81,"column":7},"end":{"line":81,"column":16}},{"start":{"line":81,"column":20},"end":{"line":81,"column":40}}],"line":81},"4":{"loc":{"start":{"line":91,"column":10},"end":{"line":93,"column":14}},"type":"cond-expr","locations":[{"start":{"line":92,"column":8},"end":{"line":92,"column":42}},{"start":{"line":93,"column":10},"end":{"line":93,"column":14}}],"line":91}},"s":{"0":2,"1":7,"2":2,"3":2,"4":2,"5":2,"6":2,"7":2,"8":2,"9":2,"10":0,"11":0,"12":0,"13":0,"14":6,"15":0,"16":2,"17":6,"18":4,"19":6,"20":1,"21":6,"22":0,"23":1},"f":{"0":2,"1":7,"2":2,"3":0,"4":6,"5":0,"6":6,"7":4,"8":6,"9":6,"10":0},"b":{"0":[2,0],"1":[0,0],"2":[2,0],"3":[2,2],"4":[0,0]},"_coverageSchema":"43e27e138ebf9cfc5966b082cf9a028302ed4184","hash":"5f40b45e938bf1898769d56664c7c129878d4887"}
,"/Users/mostafa-taghipour/Desktop/popcorn/screens/Category/CategoryScreen.tsx": {"path":"/Users/mostafa-taghipour/Desktop/popcorn/screens/Category/CategoryScreen.tsx","statementMap":{"0":{"start":{"line":27,"column":15},"end":{"line":27,"column":77}},"1":{"start":{"line":27,"column":43},"end":{"line":27,"column":76}},"2":{"start":{"line":28,"column":26},"end":{"line":28,"column":57}},"3":{"start":{"line":29,"column":16},"end":{"line":29,"column":47}},"4":{"start":{"line":30,"column":19},"end":{"line":30,"column":32}},"5":{"start":{"line":33,"column":2},"end":{"line":35,"column":5}},"6":{"start":{"line":37,"column":2},"end":{"line":39,"column":9}},"7":{"start":{"line":38,"column":4},"end":{"line":38,"column":53}},"8":{"start":{"line":48,"column":15},"end":{"line":60,"column":3}},"9":{"start":{"line":49,"column":4},"end":{"line":59,"column":8}},"10":{"start":{"line":50,"column":6},"end":{"line":52,"column":8}},"11":{"start":{"line":54,"column":6},"end":{"line":59,"column":8}},"12":{"start":{"line":62,"column":2},"end":{"line":72,"column":4}}},"fnMap":{"0":{"name":"CategoryScreen","decl":{"start":{"line":23,"column":24},"end":{"line":23,"column":38}},"loc":{"start":{"line":26,"column":40},"end":{"line":73,"column":1}},"line":26},"1":{"name":"(anonymous_1)","decl":{"start":{"line":27,"column":32},"end":{"line":27,"column":33}},"loc":{"start":{"line":27,"column":43},"end":{"line":27,"column":76}},"line":27},"2":{"name":"(anonymous_2)","decl":{"start":{"line":37,"column":12},"end":{"line":37,"column":13}},"loc":{"start":{"line":37,"column":18},"end":{"line":39,"column":3}},"line":37},"3":{"name":"(anonymous_3)","decl":{"start":{"line":48,"column":15},"end":{"line":48,"column":16}},"loc":{"start":{"line":48,"column":51},"end":{"line":60,"column":3}},"line":48}},"branchMap":{"0":{"loc":{"start":{"line":49,"column":4},"end":{"line":59,"column":8}},"type":"if","locations":[{"start":{"line":49,"column":4},"end":{"line":59,"column":8}},{"start":{"line":49,"column":4},"end":{"line":59,"column":8}}],"line":49},"1":{"loc":{"start":{"line":66,"column":12},"end":{"line":66,"column":27}},"type":"binary-expr","locations":[{"start":{"line":66,"column":12},"end":{"line":66,"column":21}},{"start":{"line":66,"column":25},"end":{"line":66,"column":27}}],"line":66}},"s":{"0":2,"1":7,"2":2,"3":2,"4":2,"5":2,"6":2,"7":2,"8":2,"9":2,"10":2,"11":0,"12":2},"f":{"0":2,"1":7,"2":2,"3":2},"b":{"0":[2,0],"1":[2,0]},"_coverageSchema":"43e27e138ebf9cfc5966b082cf9a028302ed4184","hash":"e8840708774dfb776746c3203fa65c41e78120ec"}
,"/Users/mostafa-taghipour/Desktop/popcorn/screens/Home/HomeScreen.tsx": {"path":"/Users/mostafa-taghipour/Desktop/popcorn/screens/Home/HomeScreen.tsx","statementMap":{"0":{"start":{"line":35,"column":16},"end":{"line":35,"column":47}},"1":{"start":{"line":36,"column":28},"end":{"line":36,"column":52}},"2":{"start":{"line":37,"column":40},"end":{"line":37,"column":63}},"3":{"start":{"line":38,"column":20},"end":{"line":38,"column":38}},"4":{"start":{"line":39,"column":38},"end":{"line":39,"column":59}},"5":{"start":{"line":40,"column":44},"end":{"line":40,"column":65}},"6":{"start":{"line":41,"column":36},"end":{"line":41,"column":57}},"7":{"start":{"line":48,"column":2},"end":{"line":48,"column":28}},"8":{"start":{"line":53,"column":2},"end":{"line":57,"column":9}},"9":{"start":{"line":54,"column":4},"end":{"line":54,"column":42}},"10":{"start":{"line":55,"column":4},"end":{"line":55,"column":45}},"11":{"start":{"line":56,"column":4},"end":{"line":56,"column":42}},"12":{"start":{"line":62,"column":2},"end":{"line":64,"column":5}},"13":{"start":{"line":70,"column":17},"end":{"line":72,"column":3}},"14":{"start":{"line":71,"column":4},"end":{"line":71,"column":34}},"15":{"start":{"line":78,"column":16},"end":{"line":80,"column":3}},"16":{"start":{"line":79,"column":4},"end":{"line":79,"column":32}},"17":{"start":{"line":82,"column":2},"end":{"line":151,"column":4}},"18":{"start":{"line":123,"column":34},"end":{"line":123,"column":52}},"19":{"start":{"line":125,"column":12},"end":{"line":125,"column":50}},"20":{"start":{"line":134,"column":34},"end":{"line":134,"column":52}},"21":{"start":{"line":136,"column":12},"end":{"line":136,"column":49}},"22":{"start":{"line":144,"column":34},"end":{"line":144,"column":52}},"23":{"start":{"line":146,"column":12},"end":{"line":146,"column":49}},"24":{"start":{"line":158,"column":21},"end":{"line":167,"column":2}},"25":{"start":{"line":159,"column":2},"end":{"line":166,"column":4}},"26":{"start":{"line":173,"column":22},"end":{"line":184,"column":2}},"27":{"start":{"line":174,"column":2},"end":{"line":183,"column":4}},"28":{"start":{"line":186,"column":15},"end":{"line":242,"column":2}}},"fnMap":{"0":{"name":"HomeScreen","decl":{"start":{"line":34,"column":24},"end":{"line":34,"column":34}},"loc":{"start":{"line":34,"column":78},"end":{"line":152,"column":1}},"line":34},"1":{"name":"(anonymous_1)","decl":{"start":{"line":53,"column":12},"end":{"line":53,"column":13}},"loc":{"start":{"line":53,"column":18},"end":{"line":57,"column":3}},"line":53},"2":{"name":"(anonymous_2)","decl":{"start":{"line":70,"column":17},"end":{"line":70,"column":18}},"loc":{"start":{"line":70,"column":23},"end":{"line":72,"column":3}},"line":70},"3":{"name":"(anonymous_3)","decl":{"start":{"line":78,"column":16},"end":{"line":78,"column":17}},"loc":{"start":{"line":78,"column":22},"end":{"line":80,"column":3}},"line":78},"4":{"name":"(anonymous_4)","decl":{"start":{"line":123,"column":24},"end":{"line":123,"column":25}},"loc":{"start":{"line":123,"column":34},"end":{"line":123,"column":52}},"line":123},"5":{"name":"(anonymous_5)","decl":{"start":{"line":124,"column":22},"end":{"line":124,"column":23}},"loc":{"start":{"line":124,"column":36},"end":{"line":126,"column":11}},"line":124},"6":{"name":"(anonymous_6)","decl":{"start":{"line":134,"column":24},"end":{"line":134,"column":25}},"loc":{"start":{"line":134,"column":34},"end":{"line":134,"column":52}},"line":134},"7":{"name":"(anonymous_7)","decl":{"start":{"line":135,"column":22},"end":{"line":135,"column":23}},"loc":{"start":{"line":135,"column":36},"end":{"line":137,"column":11}},"line":135},"8":{"name":"(anonymous_8)","decl":{"start":{"line":144,"column":24},"end":{"line":144,"column":25}},"loc":{"start":{"line":144,"column":34},"end":{"line":144,"column":52}},"line":144},"9":{"name":"(anonymous_9)","decl":{"start":{"line":145,"column":22},"end":{"line":145,"column":23}},"loc":{"start":{"line":145,"column":36},"end":{"line":147,"column":11}},"line":145},"10":{"name":"(anonymous_10)","decl":{"start":{"line":158,"column":32},"end":{"line":158,"column":33}},"loc":{"start":{"line":158,"column":65},"end":{"line":167,"column":1}},"line":158},"11":{"name":"(anonymous_11)","decl":{"start":{"line":173,"column":33},"end":{"line":173,"column":34}},"loc":{"start":{"line":173,"column":66},"end":{"line":184,"column":1}},"line":173}},"branchMap":{"0":{"loc":{"start":{"line":87,"column":39},"end":{"line":87,"column":65}},"type":"binary-expr","locations":[{"start":{"line":87,"column":39},"end":{"line":87,"column":47}},{"start":{"line":87,"column":51},"end":{"line":87,"column":65}}],"line":87},"1":{"loc":{"start":{"line":90,"column":9},"end":{"line":106,"column":9}},"type":"binary-expr","locations":[{"start":{"line":90,"column":9},"end":{"line":90,"column":25}},{"start":{"line":91,"column":10},"end":{"line":105,"column":28}}],"line":90},"2":{"loc":{"start":{"line":111,"column":31},"end":{"line":111,"column":70}},"type":"cond-expr","locations":[{"start":{"line":111,"column":40},"end":{"line":111,"column":51}},{"start":{"line":111,"column":54},"end":{"line":111,"column":70}}],"line":111}},"s":{"0":4,"1":4,"2":4,"3":4,"4":4,"5":4,"6":4,"7":4,"8":4,"9":2,"10":2,"11":2,"12":4,"13":4,"14":0,"15":4,"16":0,"17":4,"18":12,"19":6,"20":14,"21":8,"22":14,"23":8,"24":1,"25":16,"26":1,"27":6,"28":1},"f":{"0":4,"1":2,"2":0,"3":0,"4":12,"5":6,"6":14,"7":8,"8":14,"9":8,"10":16,"11":6},"b":{"0":[4,4],"1":[4,4],"2":[0,4]},"_coverageSchema":"43e27e138ebf9cfc5966b082cf9a028302ed4184","hash":"9140d58c435b7e111010a3d41b5cdcc1e0835053"}
,"/Users/mostafa-taghipour/Desktop/popcorn/screens/Intro/IntroScreen.tsx": {"path":"/Users/mostafa-taghipour/Desktop/popcorn/screens/Intro/IntroScreen.tsx","statementMap":{"0":{"start":{"line":15,"column":25},"end":{"line":15,"column":26}},"1":{"start":{"line":25,"column":16},"end":{"line":25,"column":47}},"2":{"start":{"line":26,"column":26},"end":{"line":26,"column":37}},"3":{"start":{"line":27,"column":19},"end":{"line":27,"column":32}},"4":{"start":{"line":28,"column":23},"end":{"line":28,"column":46}},"5":{"start":{"line":33,"column":15},"end":{"line":39,"column":3}},"6":{"start":{"line":34,"column":12},"end":{"line":34,"column":20}},"7":{"start":{"line":35,"column":4},"end":{"line":38,"column":5}},"8":{"start":{"line":36,"column":6},"end":{"line":36,"column":39}},"9":{"start":{"line":37,"column":6},"end":{"line":37,"column":17}},"10":{"start":{"line":45,"column":15},"end":{"line":47,"column":3}},"11":{"start":{"line":46,"column":4},"end":{"line":46,"column":35}},"12":{"start":{"line":49,"column":2},"end":{"line":93,"column":4}},"13":{"start":{"line":55,"column":31},"end":{"line":55,"column":62}},"14":{"start":{"line":108,"column":22},"end":{"line":130,"column":1}},"15":{"start":{"line":110,"column":22},"end":{"line":110,"column":46}},"16":{"start":{"line":111,"column":18},"end":{"line":111,"column":64}},"17":{"start":{"line":111,"column":58},"end":{"line":111,"column":63}},"18":{"start":{"line":112,"column":4},"end":{"line":128,"column":6}},"19":{"start":{"line":115,"column":10},"end":{"line":125,"column":12}},"20":{"start":{"line":132,"column":15},"end":{"line":185,"column":2}}},"fnMap":{"0":{"name":"IntroScreen","decl":{"start":{"line":24,"column":24},"end":{"line":24,"column":35}},"loc":{"start":{"line":24,"column":38},"end":{"line":94,"column":1}},"line":24},"1":{"name":"(anonymous_1)","decl":{"start":{"line":33,"column":15},"end":{"line":33,"column":16}},"loc":{"start":{"line":33,"column":21},"end":{"line":39,"column":3}},"line":33},"2":{"name":"(anonymous_2)","decl":{"start":{"line":45,"column":15},"end":{"line":45,"column":16}},"loc":{"start":{"line":45,"column":21},"end":{"line":47,"column":3}},"line":45},"3":{"name":"(anonymous_3)","decl":{"start":{"line":55,"column":24},"end":{"line":55,"column":25}},"loc":{"start":{"line":55,"column":31},"end":{"line":55,"column":62}},"line":55},"4":{"name":"(anonymous_4)","decl":{"start":{"line":109,"column":2},"end":{"line":109,"column":3}},"loc":{"start":{"line":109,"column":72},"end":{"line":129,"column":3}},"line":109},"5":{"name":"(anonymous_5)","decl":{"start":{"line":111,"column":48},"end":{"line":111,"column":49}},"loc":{"start":{"line":111,"column":58},"end":{"line":111,"column":63}},"line":111},"6":{"name":"(anonymous_6)","decl":{"start":{"line":114,"column":19},"end":{"line":114,"column":20}},"loc":{"start":{"line":114,"column":36},"end":{"line":126,"column":9}},"line":114}},"branchMap":{"0":{"loc":{"start":{"line":35,"column":4},"end":{"line":38,"column":5}},"type":"if","locations":[{"start":{"line":35,"column":4},"end":{"line":38,"column":5}},{"start":{"line":35,"column":4},"end":{"line":38,"column":5}}],"line":35},"1":{"loc":{"start":{"line":35,"column":8},"end":{"line":35,"column":62}},"type":"binary-expr","locations":[{"start":{"line":35,"column":8},"end":{"line":35,"column":28}},{"start":{"line":35,"column":32},"end":{"line":35,"column":52}},{"start":{"line":35,"column":56},"end":{"line":35,"column":62}}],"line":35},"2":{"loc":{"start":{"line":84,"column":7},"end":{"line":91,"column":7}},"type":"binary-expr","locations":[{"start":{"line":84,"column":7},"end":{"line":84,"column":16}},{"start":{"line":85,"column":8},"end":{"line":90,"column":15}}],"line":84},"3":{"loc":{"start":{"line":120,"column":16},"end":{"line":122,"column":17}},"type":"binary-expr","locations":[{"start":{"line":120,"column":16},"end":{"line":120,"column":37}},{"start":{"line":120,"column":41},"end":{"line":122,"column":17}}],"line":120}},"s":{"0":1,"1":1,"2":1,"3":1,"4":1,"5":1,"6":0,"7":0,"8":0,"9":0,"10":1,"11":0,"12":1,"13":0,"14":1,"15":1,"16":1,"17":3,"18":1,"19":3,"20":1},"f":{"0":1,"1":0,"2":0,"3":0,"4":1,"5":3,"6":3},"b":{"0":[0,0],"1":[0,0,0],"2":[1,1],"3":[3,1]},"_coverageSchema":"43e27e138ebf9cfc5966b082cf9a028302ed4184","hash":"77211a1450a6fdd3347e19d7392cb83a8486c083"}
,"/Users/mostafa-taghipour/Desktop/popcorn/screens/Search/SearchScreen.tsx": {"path":"/Users/mostafa-taghipour/Desktop/popcorn/screens/Search/SearchScreen.tsx","statementMap":{"0":{"start":{"line":40,"column":16},"end":{"line":40,"column":47}},"1":{"start":{"line":41,"column":21},"end":{"line":41,"column":45}},"2":{"start":{"line":42,"column":20},"end":{"line":42,"column":43}},"3":{"start":{"line":43,"column":26},"end":{"line":43,"column":57}},"4":{"start":{"line":44,"column":38},"end":{"line":44,"column":50}},"5":{"start":{"line":45,"column":15},"end":{"line":45,"column":74}},"6":{"start":{"line":45,"column":43},"end":{"line":45,"column":73}},"7":{"start":{"line":46,"column":19},"end":{"line":46,"column":32}},"8":{"start":{"line":47,"column":30},"end":{"line":47,"column":58}},"9":{"start":{"line":50,"column":2},"end":{"line":54,"column":9}},"10":{"start":{"line":51,"column":4},"end":{"line":53,"column":6}},"11":{"start":{"line":52,"column":6},"end":{"line":52,"column":14}},"12":{"start":{"line":56,"column":2},"end":{"line":63,"column":28}},"13":{"start":{"line":58,"column":4},"end":{"line":62,"column":5}},"14":{"start":{"line":59,"column":6},"end":{"line":59,"column":55}},"15":{"start":{"line":61,"column":6},"end":{"line":61,"column":14}},"16":{"start":{"line":69,"column":2},"end":{"line":99,"column":33}},"17":{"start":{"line":70,"column":4},"end":{"line":94,"column":7}},"18":{"start":{"line":73,"column":8},"end":{"line":75,"column":17}},"19":{"start":{"line":78,"column":8},"end":{"line":92,"column":10}},"20":{"start":{"line":83,"column":36},"end":{"line":83,"column":55}},"21":{"start":{"line":95,"column":4},"end":{"line":98,"column":7}},"22":{"start":{"line":97,"column":6},"end":{"line":97,"column":33}},"23":{"start":{"line":108,"column":15},"end":{"line":118,"column":3}},"24":{"start":{"line":109,"column":4},"end":{"line":117,"column":8}},"25":{"start":{"line":110,"column":6},"end":{"line":110,"column":75}},"26":{"start":{"line":112,"column":6},"end":{"line":117,"column":8}},"27":{"start":{"line":124,"column":16},"end":{"line":126,"column":3}},"28":{"start":{"line":125,"column":4},"end":{"line":125,"column":41}},"29":{"start":{"line":128,"column":2},"end":{"line":144,"column":4}},"30":{"start":{"line":147,"column":15},"end":{"line":161,"column":2}}},"fnMap":{"0":{"name":"SearchScreen","decl":{"start":{"line":37,"column":24},"end":{"line":37,"column":36}},"loc":{"start":{"line":39,"column":32},"end":{"line":145,"column":1}},"line":39},"1":{"name":"(anonymous_1)","decl":{"start":{"line":45,"column":32},"end":{"line":45,"column":33}},"loc":{"start":{"line":45,"column":43},"end":{"line":45,"column":73}},"line":45},"2":{"name":"(anonymous_2)","decl":{"start":{"line":50,"column":12},"end":{"line":50,"column":13}},"loc":{"start":{"line":50,"column":18},"end":{"line":54,"column":3}},"line":50},"3":{"name":"(anonymous_3)","decl":{"start":{"line":51,"column":11},"end":{"line":51,"column":12}},"loc":{"start":{"line":51,"column":17},"end":{"line":53,"column":5}},"line":51},"4":{"name":"(anonymous_4)","decl":{"start":{"line":56,"column":12},"end":{"line":56,"column":13}},"loc":{"start":{"line":56,"column":18},"end":{"line":63,"column":3}},"line":56},"5":{"name":"(anonymous_5)","decl":{"start":{"line":69,"column":18},"end":{"line":69,"column":19}},"loc":{"start":{"line":69,"column":24},"end":{"line":99,"column":3}},"line":69},"6":{"name":"(anonymous_6)","decl":{"start":{"line":72,"column":19},"end":{"line":72,"column":20}},"loc":{"start":{"line":72,"column":25},"end":{"line":76,"column":7}},"line":72},"7":{"name":"(anonymous_7)","decl":{"start":{"line":77,"column":19},"end":{"line":77,"column":20}},"loc":{"start":{"line":77,"column":25},"end":{"line":93,"column":7}},"line":77},"8":{"name":"(anonymous_8)","decl":{"start":{"line":83,"column":26},"end":{"line":83,"column":27}},"loc":{"start":{"line":83,"column":36},"end":{"line":83,"column":55}},"line":83},"9":{"name":"(anonymous_9)","decl":{"start":{"line":95,"column":15},"end":{"line":95,"column":16}},"loc":{"start":{"line":95,"column":21},"end":{"line":98,"column":5}},"line":95},"10":{"name":"(anonymous_10)","decl":{"start":{"line":108,"column":15},"end":{"line":108,"column":16}},"loc":{"start":{"line":108,"column":51},"end":{"line":118,"column":3}},"line":108},"11":{"name":"(anonymous_11)","decl":{"start":{"line":124,"column":16},"end":{"line":124,"column":17}},"loc":{"start":{"line":124,"column":22},"end":{"line":126,"column":3}},"line":124}},"branchMap":{"0":{"loc":{"start":{"line":58,"column":4},"end":{"line":62,"column":5}},"type":"if","locations":[{"start":{"line":58,"column":4},"end":{"line":62,"column":5}},{"start":{"line":58,"column":4},"end":{"line":62,"column":5}}],"line":58},"1":{"loc":{"start":{"line":73,"column":15},"end":{"line":75,"column":16}},"type":"cond-expr","locations":[{"start":{"line":74,"column":10},"end":{"line":74,"column":62}},{"start":{"line":75,"column":12},"end":{"line":75,"column":16}}],"line":73},"2":{"loc":{"start":{"line":87,"column":33},"end":{"line":87,"column":72}},"type":"cond-expr","locations":[{"start":{"line":87,"column":42},"end":{"line":87,"column":53}},{"start":{"line":87,"column":56},"end":{"line":87,"column":72}}],"line":87},"3":{"loc":{"start":{"line":88,"column":23},"end":{"line":88,"column":49}},"type":"cond-expr","locations":[{"start":{"line":88,"column":32},"end":{"line":88,"column":39}},{"start":{"line":88,"column":42},"end":{"line":88,"column":49}}],"line":88},"4":{"loc":{"start":{"line":109,"column":4},"end":{"line":117,"column":8}},"type":"if","locations":[{"start":{"line":109,"column":4},"end":{"line":117,"column":8}},{"start":{"line":109,"column":4},"end":{"line":117,"column":8}}],"line":109},"5":{"loc":{"start":{"line":136,"column":14},"end":{"line":136,"column":29}},"type":"binary-expr","locations":[{"start":{"line":136,"column":14},"end":{"line":136,"column":23}},{"start":{"line":136,"column":27},"end":{"line":136,"column":29}}],"line":136}},"s":{"0":2,"1":2,"2":2,"3":2,"4":2,"5":2,"6":6,"7":2,"8":2,"9":2,"10":2,"11":2,"12":2,"13":2,"14":0,"15":2,"16":2,"17":2,"18":2,"19":2,"20":0,"21":2,"22":2,"23":2,"24":0,"25":0,"26":0,"27":2,"28":4,"29":2,"30":1},"f":{"0":2,"1":6,"2":2,"3":2,"4":2,"5":2,"6":2,"7":2,"8":0,"9":2,"10":0,"11":4},"b":{"0":[0,2],"1":[0,2],"2":[0,2],"3":[0,2],"4":[0,0],"5":[2,0]},"_coverageSchema":"43e27e138ebf9cfc5966b082cf9a028302ed4184","hash":"d3a3dcfd256091a934994b96a0502ef617acecc7"}
,"/Users/mostafa-taghipour/Desktop/popcorn/screens/Settings/SettingsScreen.tsx": {"path":"/Users/mostafa-taghipour/Desktop/popcorn/screens/Settings/SettingsScreen.tsx","statementMap":{"0":{"start":{"line":21,"column":16},"end":{"line":21,"column":47}},"1":{"start":{"line":22,"column":31},"end":{"line":22,"column":55}},"2":{"start":{"line":23,"column":30},"end":{"line":23,"column":53}},"3":{"start":{"line":24,"column":19},"end":{"line":24,"column":32}},"4":{"start":{"line":30,"column":22},"end":{"line":32,"column":3}},"5":{"start":{"line":31,"column":4},"end":{"line":31,"column":48}},"6":{"start":{"line":38,"column":17},"end":{"line":47,"column":3}},"7":{"start":{"line":39,"column":4},"end":{"line":46,"column":7}},"8":{"start":{"line":44,"column":8},"end":{"line":44,"column":34}},"9":{"start":{"line":48,"column":2},"end":{"line":68,"column":4}},"10":{"start":{"line":71,"column":15},"end":{"line":87,"column":2}}},"fnMap":{"0":{"name":"SettingsScreen","decl":{"start":{"line":20,"column":24},"end":{"line":20,"column":38}},"loc":{"start":{"line":20,"column":41},"end":{"line":69,"column":1}},"line":20},"1":{"name":"(anonymous_1)","decl":{"start":{"line":30,"column":22},"end":{"line":30,"column":23}},"loc":{"start":{"line":30,"column":28},"end":{"line":32,"column":3}},"line":30},"2":{"name":"(anonymous_2)","decl":{"start":{"line":38,"column":17},"end":{"line":38,"column":18}},"loc":{"start":{"line":38,"column":23},"end":{"line":47,"column":3}},"line":38},"3":{"name":"(anonymous_3)","decl":{"start":{"line":43,"column":29},"end":{"line":43,"column":30}},"loc":{"start":{"line":43,"column":35},"end":{"line":45,"column":7}},"line":43}},"branchMap":{"0":{"loc":{"start":{"line":31,"column":13},"end":{"line":31,"column":46}},"type":"cond-expr","locations":[{"start":{"line":31,"column":22},"end":{"line":31,"column":34}},{"start":{"line":31,"column":37},"end":{"line":31,"column":46}}],"line":31},"1":{"loc":{"start":{"line":57,"column":7},"end":{"line":66,"column":7}},"type":"binary-expr","locations":[{"start":{"line":57,"column":7},"end":{"line":57,"column":22}},{"start":{"line":58,"column":8},"end":{"line":65,"column":18}}],"line":57}},"s":{"0":2,"1":2,"2":2,"3":2,"4":2,"5":0,"6":2,"7":0,"8":0,"9":2,"10":1},"f":{"0":2,"1":0,"2":0,"3":0},"b":{"0":[0,0],"1":[2,2]},"_coverageSchema":"43e27e138ebf9cfc5966b082cf9a028302ed4184","hash":"a7014b7918b42ae8568b398154ae0475f38bbd89"}
}
