TN:
SF:/Users/mostafa-taghipour/Desktop/popcorn/screens/Auth/AuthScreen.tsx
FN:31,AuthScreen
FN:35,(anonymous_1)
FN:44,(anonymous_2)
FN:45,(anonymous_3)
FN:52,(anonymous_4)
FN:56,(anonymous_5)
FN:60,(anonymous_6)
FN:67,(anonymous_7)
FN:118,(anonymous_8)
FNF:9
FNH:6
FNDA:4,AuthScreen
FNDA:6,(anonymous_1)
FNDA:2,(anonymous_2)
FNDA:2,(anonymous_3)
FNDA:2,(anonymous_4)
FNDA:4,(anonymous_5)
FNDA:0,(anonymous_6)
FNDA:0,(anonymous_7)
FNDA:0,(anonymous_8)
DA:32,4
DA:33,4
DA:34,4
DA:35,6
DA:36,4
DA:37,4
DA:38,4
DA:39,4
DA:40,4
DA:41,4
DA:44,4
DA:45,2
DA:47,2
DA:52,4
DA:53,2
DA:56,4
DA:57,4
DA:60,4
DA:61,0
DA:67,4
DA:68,0
DA:70,0
DA:76,0
DA:79,4
DA:118,0
DA:146,1
LF:26
LH:21
BRDA:53,0,0,0
BRDA:53,0,1,2
BRDA:57,1,0,4
BRDA:57,1,1,2
BRDA:68,2,0,0
BRDA:68,2,1,0
BRDA:91,3,0,0
BRDA:91,3,1,4
BRDA:115,4,0,0
BRDA:115,4,1,4
BRDA:123,5,0,4
BRDA:123,5,1,1
BRDA:134,6,0,4
BRDA:134,6,1,0
BRF:14
BRH:8
end_of_record
TN:
SF:/Users/mostafa-taghipour/Desktop/popcorn/screens/Categories/CategoriesScreen.tsx
FN:30,CategoriesScreen
FN:33,(anonymous_1)
FN:46,(anonymous_2)
FN:62,categoryMovies
FN:73,renderItem
FN:75,(anonymous_5)
FN:87,(anonymous_6)
FN:88,(anonymous_7)
FN:89,(anonymous_8)
FN:103,(anonymous_9)
FN:111,(anonymous_10)
FNF:11
FNH:8
FNDA:2,CategoriesScreen
FNDA:7,(anonymous_1)
FNDA:2,(anonymous_2)
FNDA:0,categoryMovies
FNDA:6,renderItem
FNDA:0,(anonymous_5)
FNDA:6,(anonymous_6)
FNDA:4,(anonymous_7)
FNDA:6,(anonymous_8)
FNDA:6,(anonymous_9)
FNDA:0,(anonymous_10)
DA:33,7
DA:34,2
DA:35,2
DA:36,2
DA:37,2
DA:44,2
DA:46,2
DA:47,2
DA:49,0
DA:63,0
DA:65,0
DA:74,6
DA:75,0
DA:79,2
DA:87,6
DA:88,4
DA:89,6
DA:102,1
DA:110,6
DA:111,0
DA:121,1
LF:21
LH:16
BRDA:47,0,0,2
BRDA:47,0,1,0
BRDA:63,1,0,0
BRDA:63,1,1,0
BRDA:81,2,0,2
BRDA:81,2,1,0
BRDA:81,3,0,2
BRDA:81,3,1,2
BRDA:91,4,0,0
BRDA:91,4,1,0
BRF:10
BRH:4
end_of_record
TN:
SF:/Users/mostafa-taghipour/Desktop/popcorn/screens/Category/CategoryScreen.tsx
FN:23,CategoryScreen
FN:27,(anonymous_1)
FN:37,(anonymous_2)
FN:48,(anonymous_3)
FNF:4
FNH:4
FNDA:2,CategoryScreen
FNDA:7,(anonymous_1)
FNDA:2,(anonymous_2)
FNDA:2,(anonymous_3)
DA:27,7
DA:28,2
DA:29,2
DA:30,2
DA:33,2
DA:37,2
DA:38,2
DA:48,2
DA:49,2
DA:50,2
DA:54,0
DA:62,2
LF:12
LH:11
BRDA:49,0,0,2
BRDA:49,0,1,0
BRDA:66,1,0,2
BRDA:66,1,1,0
BRF:4
BRH:2
end_of_record
TN:
SF:/Users/mostafa-taghipour/Desktop/popcorn/screens/Home/HomeScreen.tsx
FN:34,HomeScreen
FN:53,(anonymous_1)
FN:70,(anonymous_2)
FN:78,(anonymous_3)
FN:123,(anonymous_4)
FN:124,(anonymous_5)
FN:134,(anonymous_6)
FN:135,(anonymous_7)
FN:144,(anonymous_8)
FN:145,(anonymous_9)
FN:158,(anonymous_10)
FN:173,(anonymous_11)
FNF:12
FNH:10
FNDA:4,HomeScreen
FNDA:2,(anonymous_1)
FNDA:0,(anonymous_2)
FNDA:0,(anonymous_3)
FNDA:12,(anonymous_4)
FNDA:6,(anonymous_5)
FNDA:14,(anonymous_6)
FNDA:8,(anonymous_7)
FNDA:14,(anonymous_8)
FNDA:8,(anonymous_9)
FNDA:16,(anonymous_10)
FNDA:6,(anonymous_11)
DA:35,4
DA:36,4
DA:37,4
DA:38,4
DA:39,4
DA:40,4
DA:41,4
DA:48,4
DA:53,4
DA:54,2
DA:55,2
DA:56,2
DA:62,4
DA:70,4
DA:71,0
DA:78,4
DA:79,0
DA:82,4
DA:123,12
DA:125,6
DA:134,14
DA:136,8
DA:144,14
DA:146,8
DA:158,1
DA:159,16
DA:173,1
DA:174,6
DA:186,1
LF:29
LH:27
BRDA:87,0,0,4
BRDA:87,0,1,4
BRDA:90,1,0,4
BRDA:90,1,1,4
BRDA:111,2,0,0
BRDA:111,2,1,4
BRF:6
BRH:5
end_of_record
TN:
SF:/Users/mostafa-taghipour/Desktop/popcorn/screens/Intro/IntroScreen.tsx
FN:24,IntroScreen
FN:33,(anonymous_1)
FN:45,(anonymous_2)
FN:55,(anonymous_3)
FN:109,(anonymous_4)
FN:111,(anonymous_5)
FN:114,(anonymous_6)
FNF:7
FNH:4
FNDA:1,IntroScreen
FNDA:0,(anonymous_1)
FNDA:0,(anonymous_2)
FNDA:0,(anonymous_3)
FNDA:1,(anonymous_4)
FNDA:3,(anonymous_5)
FNDA:3,(anonymous_6)
DA:15,1
DA:25,1
DA:26,1
DA:27,1
DA:28,1
DA:33,1
DA:34,0
DA:35,0
DA:36,0
DA:37,0
DA:45,1
DA:46,0
DA:49,1
DA:55,0
DA:108,1
DA:110,1
DA:111,3
DA:112,1
DA:115,3
DA:132,1
LF:20
LH:14
BRDA:35,0,0,0
BRDA:35,0,1,0
BRDA:35,1,0,0
BRDA:35,1,1,0
BRDA:35,1,2,0
BRDA:84,2,0,1
BRDA:84,2,1,1
BRDA:120,3,0,3
BRDA:120,3,1,1
BRF:9
BRH:4
end_of_record
TN:
SF:/Users/mostafa-taghipour/Desktop/popcorn/screens/Search/SearchScreen.tsx
FN:37,SearchScreen
FN:45,(anonymous_1)
FN:50,(anonymous_2)
FN:51,(anonymous_3)
FN:56,(anonymous_4)
FN:69,(anonymous_5)
FN:72,(anonymous_6)
FN:77,(anonymous_7)
FN:83,(anonymous_8)
FN:95,(anonymous_9)
FN:108,(anonymous_10)
FN:124,(anonymous_11)
FNF:12
FNH:10
FNDA:2,SearchScreen
FNDA:6,(anonymous_1)
FNDA:2,(anonymous_2)
FNDA:2,(anonymous_3)
FNDA:2,(anonymous_4)
FNDA:2,(anonymous_5)
FNDA:2,(anonymous_6)
FNDA:2,(anonymous_7)
FNDA:0,(anonymous_8)
FNDA:2,(anonymous_9)
FNDA:0,(anonymous_10)
FNDA:4,(anonymous_11)
DA:40,2
DA:41,2
DA:42,2
DA:43,2
DA:44,2
DA:45,6
DA:46,2
DA:47,2
DA:50,2
DA:51,2
DA:52,2
DA:56,2
DA:58,2
DA:59,0
DA:61,2
DA:69,2
DA:70,2
DA:73,2
DA:78,2
DA:83,0
DA:95,2
DA:97,2
DA:108,2
DA:109,0
DA:110,0
DA:112,0
DA:124,2
DA:125,4
DA:128,2
DA:147,1
LF:30
LH:25
BRDA:58,0,0,0
BRDA:58,0,1,2
BRDA:73,1,0,0
BRDA:73,1,1,2
BRDA:87,2,0,0
BRDA:87,2,1,2
BRDA:88,3,0,0
BRDA:88,3,1,2
BRDA:109,4,0,0
BRDA:109,4,1,0
BRDA:136,5,0,2
BRDA:136,5,1,0
BRF:12
BRH:5
end_of_record
TN:
SF:/Users/mostafa-taghipour/Desktop/popcorn/screens/Settings/SettingsScreen.tsx
FN:20,SettingsScreen
FN:30,(anonymous_1)
FN:38,(anonymous_2)
FN:43,(anonymous_3)
FNF:4
FNH:1
FNDA:2,SettingsScreen
FNDA:0,(anonymous_1)
FNDA:0,(anonymous_2)
FNDA:0,(anonymous_3)
DA:21,2
DA:22,2
DA:23,2
DA:24,2
DA:30,2
DA:31,0
DA:38,2
DA:39,0
DA:44,0
DA:48,2
DA:71,1
LF:11
LH:8
BRDA:31,0,0,0
BRDA:31,0,1,0
BRDA:57,1,0,2
BRDA:57,1,1,2
BRF:4
BRH:2
end_of_record
